2023.02.05 16:47:37 INFO  tracing is disabled for protocol LSP, to enable tracing of incoming and outgoing JSON messages create an empty file at c:\Users\ivan.caro\OneDrive - Accenture\Personal\REPO\Big-Data-Analytics-with-Spark\.metals\lsp.trace.json or C:\Users\ivan.caro\AppData\Local\scalameta\metals\cache\lsp.trace.json
Feb 05, 2023 4:47:40 PM org.eclipse.lsp4j.jsonrpc.RemoteEndpoint fallbackResponseError
SEVERE: Internal error: java.lang.IllegalArgumentException: Illegal character in path at index 35: file:///c:/Users/ivan.caro/OneDrive - Accenture/Personal/REPO/Big-Data-Analytics-with-Spark
java.util.concurrent.CompletionException: java.lang.IllegalArgumentException: Illegal character in path at index 35: file:///c:/Users/ivan.caro/OneDrive - Accenture/Personal/REPO/Big-Data-Analytics-with-Spark
	at java.base/java.util.concurrent.CompletableFuture.encodeThrowable(CompletableFuture.java:331)
	at java.base/java.util.concurrent.CompletableFuture.completeThrowable(CompletableFuture.java:346)
	at java.base/java.util.concurrent.CompletableFuture$UniAccept.tryFire(CompletableFuture.java:704)
	at java.base/java.util.concurrent.CompletableFuture.postComplete(CompletableFuture.java:506)
	at java.base/java.util.concurrent.CompletableFuture.completeExceptionally(CompletableFuture.java:2088)
	at scala.concurrent.java8.FuturesConvertersImpl$CF.apply(FutureConvertersImpl.scala:29)
	at scala.concurrent.java8.FuturesConvertersImpl$CF.apply(FutureConvertersImpl.scala:26)
	at scala.concurrent.impl.Promise$Transformation.run(Promise.scala:484)
	at scala.concurrent.ExecutionContext$parasitic$.execute(ExecutionContext.scala:222)
	at scala.concurrent.impl.Promise$Transformation.submitWithValue(Promise.scala:429)
	at scala.concurrent.impl.Promise$DefaultPromise.submitWithValue(Promise.scala:338)
	at scala.concurrent.impl.Promise$DefaultPromise.tryComplete0(Promise.scala:285)
	at scala.concurrent.impl.Promise$Transformation.run(Promise.scala:504)
	at java.base/java.util.concurrent.ThreadPoolExecutor.runWorker(ThreadPoolExecutor.java:1128)
	at java.base/java.util.concurrent.ThreadPoolExecutor$Worker.run(ThreadPoolExecutor.java:628)
	at java.base/java.lang.Thread.run(Thread.java:834)
Caused by: java.lang.IllegalArgumentException: Illegal character in path at index 35: file:///c:/Users/ivan.caro/OneDrive - Accenture/Personal/REPO/Big-Data-Analytics-with-Spark
	at java.base/java.net.URI.create(URI.java:883)
	at scala.meta.internal.mtags.MtagsEnrichments$XtensionStringMtags.toAbsolutePath(MtagsEnrichments.scala:158)
	at scala.meta.internal.metals.MetalsEnrichments$XtensionString.toAbsolutePath(MetalsEnrichments.scala:609)
	at scala.meta.internal.metals.MetalsEnrichments$XtensionString.toAbsolutePath(MetalsEnrichments.scala:606)
	at scala.meta.internal.metals.MetalsLanguageServer.updateWorkspaceDirectory(MetalsLanguageServer.scala:365)
	at scala.meta.internal.metals.MetalsLanguageServer.$anonfun$initialize$2(MetalsLanguageServer.scala:879)
	at scala.concurrent.Future$.$anonfun$apply$1(Future.scala:678)
	at scala.concurrent.impl.Promise$Transformation.run(Promise.scala:467)
	... 3 more
Caused by: java.net.URISyntaxException: Illegal character in path at index 35: file:///c:/Users/ivan.caro/OneDrive - Accenture/Personal/REPO/Big-Data-Analytics-with-Spark
	at java.base/java.net.URI$Parser.fail(URI.java:2915)
	at java.base/java.net.URI$Parser.checkChars(URI.java:3086)
	at java.base/java.net.URI$Parser.parseHierarchical(URI.java:3168)
	at java.base/java.net.URI$Parser.parse(URI.java:3116)
	at java.base/java.net.URI.<init>(URI.java:600)
	at java.base/java.net.URI.create(URI.java:881)
	... 10 more

2023.02.05 16:47:49 INFO  tracing is disabled for protocol LSP, to enable tracing of incoming and outgoing JSON messages create an empty file at c:\Users\ivan.caro\OneDrive - Accenture\Personal\REPO\Big-Data-Analytics-with-Spark\.metals\lsp.trace.json or C:\Users\ivan.caro\AppData\Local\scalameta\metals\cache\lsp.trace.json
Feb 05, 2023 4:47:52 PM org.eclipse.lsp4j.jsonrpc.RemoteEndpoint fallbackResponseError
SEVERE: Internal error: java.lang.IllegalArgumentException: Illegal character in path at index 35: file:///c:/Users/ivan.caro/OneDrive - Accenture/Personal/REPO/Big-Data-Analytics-with-Spark
java.util.concurrent.CompletionException: java.lang.IllegalArgumentException: Illegal character in path at index 35: file:///c:/Users/ivan.caro/OneDrive - Accenture/Personal/REPO/Big-Data-Analytics-with-Spark
	at java.base/java.util.concurrent.CompletableFuture.encodeThrowable(CompletableFuture.java:331)
	at java.base/java.util.concurrent.CompletableFuture.completeThrowable(CompletableFuture.java:346)
	at java.base/java.util.concurrent.CompletableFuture$UniAccept.tryFire(CompletableFuture.java:704)
	at java.base/java.util.concurrent.CompletableFuture.postComplete(CompletableFuture.java:506)
	at java.base/java.util.concurrent.CompletableFuture.completeExceptionally(CompletableFuture.java:2088)
	at scala.concurrent.java8.FuturesConvertersImpl$CF.apply(FutureConvertersImpl.scala:29)
	at scala.concurrent.java8.FuturesConvertersImpl$CF.apply(FutureConvertersImpl.scala:26)
	at scala.concurrent.impl.Promise$Transformation.run(Promise.scala:484)
	at scala.concurrent.ExecutionContext$parasitic$.execute(ExecutionContext.scala:222)
	at scala.concurrent.impl.Promise$Transformation.submitWithValue(Promise.scala:429)
	at scala.concurrent.impl.Promise$DefaultPromise.submitWithValue(Promise.scala:338)
	at scala.concurrent.impl.Promise$DefaultPromise.tryComplete0(Promise.scala:285)
	at scala.concurrent.impl.Promise$Transformation.run(Promise.scala:504)
	at java.base/java.util.concurrent.ThreadPoolExecutor.runWorker(ThreadPoolExecutor.java:1128)
	at java.base/java.util.concurrent.ThreadPoolExecutor$Worker.run(ThreadPoolExecutor.java:628)
	at java.base/java.lang.Thread.run(Thread.java:834)
Caused by: java.lang.IllegalArgumentException: Illegal character in path at index 35: file:///c:/Users/ivan.caro/OneDrive - Accenture/Personal/REPO/Big-Data-Analytics-with-Spark
	at java.base/java.net.URI.create(URI.java:883)
	at scala.meta.internal.mtags.MtagsEnrichments$XtensionStringMtags.toAbsolutePath(MtagsEnrichments.scala:158)
	at scala.meta.internal.metals.MetalsEnrichments$XtensionString.toAbsolutePath(MetalsEnrichments.scala:609)
	at scala.meta.internal.metals.MetalsEnrichments$XtensionString.toAbsolutePath(MetalsEnrichments.scala:606)
	at scala.meta.internal.metals.MetalsLanguageServer.updateWorkspaceDirectory(MetalsLanguageServer.scala:365)
	at scala.meta.internal.metals.MetalsLanguageServer.$anonfun$initialize$2(MetalsLanguageServer.scala:879)
	at scala.concurrent.Future$.$anonfun$apply$1(Future.scala:678)
	at scala.concurrent.impl.Promise$Transformation.run(Promise.scala:467)
	... 3 more
Caused by: java.net.URISyntaxException: Illegal character in path at index 35: file:///c:/Users/ivan.caro/OneDrive - Accenture/Personal/REPO/Big-Data-Analytics-with-Spark
	at java.base/java.net.URI$Parser.fail(URI.java:2915)
	at java.base/java.net.URI$Parser.checkChars(URI.java:3086)
	at java.base/java.net.URI$Parser.parseHierarchical(URI.java:3168)
	at java.base/java.net.URI$Parser.parse(URI.java:3116)
	at java.base/java.net.URI.<init>(URI.java:600)
	at java.base/java.net.URI.create(URI.java:881)
	... 10 more

2023.02.05 16:47:59 INFO  tracing is disabled for protocol LSP, to enable tracing of incoming and outgoing JSON messages create an empty file at c:\Users\ivan.caro\OneDrive - Accenture\Personal\REPO\Big-Data-Analytics-with-Spark\.metals\lsp.trace.json or C:\Users\ivan.caro\AppData\Local\scalameta\metals\cache\lsp.trace.json
Feb 05, 2023 4:48:01 PM org.eclipse.lsp4j.jsonrpc.RemoteEndpoint fallbackResponseError
SEVERE: Internal error: java.lang.IllegalArgumentException: Illegal character in path at index 35: file:///c:/Users/ivan.caro/OneDrive - Accenture/Personal/REPO/Big-Data-Analytics-with-Spark
java.util.concurrent.CompletionException: java.lang.IllegalArgumentException: Illegal character in path at index 35: file:///c:/Users/ivan.caro/OneDrive - Accenture/Personal/REPO/Big-Data-Analytics-with-Spark
	at java.base/java.util.concurrent.CompletableFuture.encodeThrowable(CompletableFuture.java:331)
	at java.base/java.util.concurrent.CompletableFuture.completeThrowable(CompletableFuture.java:346)
	at java.base/java.util.concurrent.CompletableFuture$UniAccept.tryFire(CompletableFuture.java:704)
	at java.base/java.util.concurrent.CompletableFuture.postComplete(CompletableFuture.java:506)
	at java.base/java.util.concurrent.CompletableFuture.completeExceptionally(CompletableFuture.java:2088)
	at scala.concurrent.java8.FuturesConvertersImpl$CF.apply(FutureConvertersImpl.scala:29)
	at scala.concurrent.java8.FuturesConvertersImpl$CF.apply(FutureConvertersImpl.scala:26)
	at scala.concurrent.impl.Promise$Transformation.run(Promise.scala:484)
	at scala.concurrent.ExecutionContext$parasitic$.execute(ExecutionContext.scala:222)
	at scala.concurrent.impl.Promise$Transformation.submitWithValue(Promise.scala:429)
	at scala.concurrent.impl.Promise$DefaultPromise.submitWithValue(Promise.scala:338)
	at scala.concurrent.impl.Promise$DefaultPromise.tryComplete0(Promise.scala:285)
	at scala.concurrent.impl.Promise$Transformation.run(Promise.scala:504)
	at java.base/java.util.concurrent.ThreadPoolExecutor.runWorker(ThreadPoolExecutor.java:1128)
	at java.base/java.util.concurrent.ThreadPoolExecutor$Worker.run(ThreadPoolExecutor.java:628)
	at java.base/java.lang.Thread.run(Thread.java:834)
Caused by: java.lang.IllegalArgumentException: Illegal character in path at index 35: file:///c:/Users/ivan.caro/OneDrive - Accenture/Personal/REPO/Big-Data-Analytics-with-Spark
	at java.base/java.net.URI.create(URI.java:883)
	at scala.meta.internal.mtags.MtagsEnrichments$XtensionStringMtags.toAbsolutePath(MtagsEnrichments.scala:158)
	at scala.meta.internal.metals.MetalsEnrichments$XtensionString.toAbsolutePath(MetalsEnrichments.scala:609)
	at scala.meta.internal.metals.MetalsEnrichments$XtensionString.toAbsolutePath(MetalsEnrichments.scala:606)
	at scala.meta.internal.metals.MetalsLanguageServer.updateWorkspaceDirectory(MetalsLanguageServer.scala:365)
	at scala.meta.internal.metals.MetalsLanguageServer.$anonfun$initialize$2(MetalsLanguageServer.scala:879)
	at scala.concurrent.Future$.$anonfun$apply$1(Future.scala:678)
	at scala.concurrent.impl.Promise$Transformation.run(Promise.scala:467)
	... 3 more
Caused by: java.net.URISyntaxException: Illegal character in path at index 35: file:///c:/Users/ivan.caro/OneDrive - Accenture/Personal/REPO/Big-Data-Analytics-with-Spark
	at java.base/java.net.URI$Parser.fail(URI.java:2915)
	at java.base/java.net.URI$Parser.checkChars(URI.java:3086)
	at java.base/java.net.URI$Parser.parseHierarchical(URI.java:3168)
	at java.base/java.net.URI$Parser.parse(URI.java:3116)
	at java.base/java.net.URI.<init>(URI.java:600)
	at java.base/java.net.URI.create(URI.java:881)
	... 10 more

2023.02.05 16:48:06 INFO  tracing is disabled for protocol LSP, to enable tracing of incoming and outgoing JSON messages create an empty file at c:\Users\ivan.caro\OneDrive - Accenture\Personal\REPO\Big-Data-Analytics-with-Spark\.metals\lsp.trace.json or C:\Users\ivan.caro\AppData\Local\scalameta\metals\cache\lsp.trace.json
Feb 05, 2023 4:48:08 PM org.eclipse.lsp4j.jsonrpc.RemoteEndpoint fallbackResponseError
SEVERE: Internal error: java.lang.IllegalArgumentException: Illegal character in path at index 35: file:///c:/Users/ivan.caro/OneDrive - Accenture/Personal/REPO/Big-Data-Analytics-with-Spark
java.util.concurrent.CompletionException: java.lang.IllegalArgumentException: Illegal character in path at index 35: file:///c:/Users/ivan.caro/OneDrive - Accenture/Personal/REPO/Big-Data-Analytics-with-Spark
	at java.base/java.util.concurrent.CompletableFuture.encodeThrowable(CompletableFuture.java:331)
	at java.base/java.util.concurrent.CompletableFuture.completeThrowable(CompletableFuture.java:346)
	at java.base/java.util.concurrent.CompletableFuture$UniAccept.tryFire(CompletableFuture.java:704)
	at java.base/java.util.concurrent.CompletableFuture.postComplete(CompletableFuture.java:506)
	at java.base/java.util.concurrent.CompletableFuture.completeExceptionally(CompletableFuture.java:2088)
	at scala.concurrent.java8.FuturesConvertersImpl$CF.apply(FutureConvertersImpl.scala:29)
	at scala.concurrent.java8.FuturesConvertersImpl$CF.apply(FutureConvertersImpl.scala:26)
	at scala.concurrent.impl.Promise$Transformation.run(Promise.scala:484)
	at scala.concurrent.ExecutionContext$parasitic$.execute(ExecutionContext.scala:222)
	at scala.concurrent.impl.Promise$Transformation.submitWithValue(Promise.scala:429)
	at scala.concurrent.impl.Promise$DefaultPromise.submitWithValue(Promise.scala:338)
	at scala.concurrent.impl.Promise$DefaultPromise.tryComplete0(Promise.scala:285)
	at scala.concurrent.impl.Promise$Transformation.run(Promise.scala:504)
	at java.base/java.util.concurrent.ThreadPoolExecutor.runWorker(ThreadPoolExecutor.java:1128)
	at java.base/java.util.concurrent.ThreadPoolExecutor$Worker.run(ThreadPoolExecutor.java:628)
	at java.base/java.lang.Thread.run(Thread.java:834)
Caused by: java.lang.IllegalArgumentException: Illegal character in path at index 35: file:///c:/Users/ivan.caro/OneDrive - Accenture/Personal/REPO/Big-Data-Analytics-with-Spark
	at java.base/java.net.URI.create(URI.java:883)
	at scala.meta.internal.mtags.MtagsEnrichments$XtensionStringMtags.toAbsolutePath(MtagsEnrichments.scala:158)
	at scala.meta.internal.metals.MetalsEnrichments$XtensionString.toAbsolutePath(MetalsEnrichments.scala:609)
	at scala.meta.internal.metals.MetalsEnrichments$XtensionString.toAbsolutePath(MetalsEnrichments.scala:606)
	at scala.meta.internal.metals.MetalsLanguageServer.updateWorkspaceDirectory(MetalsLanguageServer.scala:365)
	at scala.meta.internal.metals.MetalsLanguageServer.$anonfun$initialize$2(MetalsLanguageServer.scala:879)
	at scala.concurrent.Future$.$anonfun$apply$1(Future.scala:678)
	at scala.concurrent.impl.Promise$Transformation.run(Promise.scala:467)
	... 3 more
Caused by: java.net.URISyntaxException: Illegal character in path at index 35: file:///c:/Users/ivan.caro/OneDrive - Accenture/Personal/REPO/Big-Data-Analytics-with-Spark
	at java.base/java.net.URI$Parser.fail(URI.java:2915)
	at java.base/java.net.URI$Parser.checkChars(URI.java:3086)
	at java.base/java.net.URI$Parser.parseHierarchical(URI.java:3168)
	at java.base/java.net.URI$Parser.parse(URI.java:3116)
	at java.base/java.net.URI.<init>(URI.java:600)
	at java.base/java.net.URI.create(URI.java:881)
	... 10 more

2023.02.05 16:48:12 INFO  tracing is disabled for protocol LSP, to enable tracing of incoming and outgoing JSON messages create an empty file at c:\Users\ivan.caro\OneDrive - Accenture\Personal\REPO\Big-Data-Analytics-with-Spark\.metals\lsp.trace.json or C:\Users\ivan.caro\AppData\Local\scalameta\metals\cache\lsp.trace.json
Feb 05, 2023 4:48:14 PM org.eclipse.lsp4j.jsonrpc.RemoteEndpoint fallbackResponseError
SEVERE: Internal error: java.lang.IllegalArgumentException: Illegal character in path at index 35: file:///c:/Users/ivan.caro/OneDrive - Accenture/Personal/REPO/Big-Data-Analytics-with-Spark
java.util.concurrent.CompletionException: java.lang.IllegalArgumentException: Illegal character in path at index 35: file:///c:/Users/ivan.caro/OneDrive - Accenture/Personal/REPO/Big-Data-Analytics-with-Spark
	at java.base/java.util.concurrent.CompletableFuture.encodeThrowable(CompletableFuture.java:331)
	at java.base/java.util.concurrent.CompletableFuture.completeThrowable(CompletableFuture.java:346)
	at java.base/java.util.concurrent.CompletableFuture$UniAccept.tryFire(CompletableFuture.java:704)
	at java.base/java.util.concurrent.CompletableFuture.postComplete(CompletableFuture.java:506)
	at java.base/java.util.concurrent.CompletableFuture.completeExceptionally(CompletableFuture.java:2088)
	at scala.concurrent.java8.FuturesConvertersImpl$CF.apply(FutureConvertersImpl.scala:29)
	at scala.concurrent.java8.FuturesConvertersImpl$CF.apply(FutureConvertersImpl.scala:26)
	at scala.concurrent.impl.Promise$Transformation.run(Promise.scala:484)
	at scala.concurrent.ExecutionContext$parasitic$.execute(ExecutionContext.scala:222)
	at scala.concurrent.impl.Promise$Transformation.submitWithValue(Promise.scala:429)
	at scala.concurrent.impl.Promise$DefaultPromise.submitWithValue(Promise.scala:338)
	at scala.concurrent.impl.Promise$DefaultPromise.tryComplete0(Promise.scala:285)
	at scala.concurrent.impl.Promise$Transformation.run(Promise.scala:504)
	at java.base/java.util.concurrent.ThreadPoolExecutor.runWorker(ThreadPoolExecutor.java:1128)
	at java.base/java.util.concurrent.ThreadPoolExecutor$Worker.run(ThreadPoolExecutor.java:628)
	at java.base/java.lang.Thread.run(Thread.java:834)
Caused by: java.lang.IllegalArgumentException: Illegal character in path at index 35: file:///c:/Users/ivan.caro/OneDrive - Accenture/Personal/REPO/Big-Data-Analytics-with-Spark
	at java.base/java.net.URI.create(URI.java:883)
	at scala.meta.internal.mtags.MtagsEnrichments$XtensionStringMtags.toAbsolutePath(MtagsEnrichments.scala:158)
	at scala.meta.internal.metals.MetalsEnrichments$XtensionString.toAbsolutePath(MetalsEnrichments.scala:609)
	at scala.meta.internal.metals.MetalsEnrichments$XtensionString.toAbsolutePath(MetalsEnrichments.scala:606)
	at scala.meta.internal.metals.MetalsLanguageServer.updateWorkspaceDirectory(MetalsLanguageServer.scala:365)
	at scala.meta.internal.metals.MetalsLanguageServer.$anonfun$initialize$2(MetalsLanguageServer.scala:879)
	at scala.concurrent.Future$.$anonfun$apply$1(Future.scala:678)
	at scala.concurrent.impl.Promise$Transformation.run(Promise.scala:467)
	... 3 more
Caused by: java.net.URISyntaxException: Illegal character in path at index 35: file:///c:/Users/ivan.caro/OneDrive - Accenture/Personal/REPO/Big-Data-Analytics-with-Spark
	at java.base/java.net.URI$Parser.fail(URI.java:2915)
	at java.base/java.net.URI$Parser.checkChars(URI.java:3086)
	at java.base/java.net.URI$Parser.parseHierarchical(URI.java:3168)
	at java.base/java.net.URI$Parser.parse(URI.java:3116)
	at java.base/java.net.URI.<init>(URI.java:600)
	at java.base/java.net.URI.create(URI.java:881)
	... 10 more

2023.02.06 07:41:03 INFO  tracing is disabled for protocol LSP, to enable tracing of incoming and outgoing JSON messages create an empty file at c:\Users\ivan.caro\OneDrive - Accenture\Personal\REPO\Big-Data-Analytics-with-Spark\.metals\lsp.trace.json or C:\Users\ivan.caro\AppData\Local\scalameta\metals\cache\lsp.trace.json
Feb 06, 2023 7:41:06 AM org.eclipse.lsp4j.jsonrpc.RemoteEndpoint fallbackResponseError
SEVERE: Internal error: java.lang.IllegalArgumentException: Illegal character in path at index 35: file:///c:/Users/ivan.caro/OneDrive - Accenture/Personal/REPO/Big-Data-Analytics-with-Spark
java.util.concurrent.CompletionException: java.lang.IllegalArgumentException: Illegal character in path at index 35: file:///c:/Users/ivan.caro/OneDrive - Accenture/Personal/REPO/Big-Data-Analytics-with-Spark
	at java.base/java.util.concurrent.CompletableFuture.encodeThrowable(CompletableFuture.java:331)
	at java.base/java.util.concurrent.CompletableFuture.completeThrowable(CompletableFuture.java:346)
	at java.base/java.util.concurrent.CompletableFuture$UniAccept.tryFire(CompletableFuture.java:704)
	at java.base/java.util.concurrent.CompletableFuture.postComplete(CompletableFuture.java:506)
	at java.base/java.util.concurrent.CompletableFuture.completeExceptionally(CompletableFuture.java:2088)
	at scala.concurrent.java8.FuturesConvertersImpl$CF.apply(FutureConvertersImpl.scala:29)
	at scala.concurrent.java8.FuturesConvertersImpl$CF.apply(FutureConvertersImpl.scala:26)
	at scala.concurrent.impl.Promise$Transformation.run(Promise.scala:484)
	at scala.concurrent.ExecutionContext$parasitic$.execute(ExecutionContext.scala:222)
	at scala.concurrent.impl.Promise$Transformation.submitWithValue(Promise.scala:429)
	at scala.concurrent.impl.Promise$DefaultPromise.submitWithValue(Promise.scala:338)
	at scala.concurrent.impl.Promise$DefaultPromise.tryComplete0(Promise.scala:285)
	at scala.concurrent.impl.Promise$Transformation.run(Promise.scala:504)
	at java.base/java.util.concurrent.ThreadPoolExecutor.runWorker(ThreadPoolExecutor.java:1128)
	at java.base/java.util.concurrent.ThreadPoolExecutor$Worker.run(ThreadPoolExecutor.java:628)
	at java.base/java.lang.Thread.run(Thread.java:834)
Caused by: java.lang.IllegalArgumentException: Illegal character in path at index 35: file:///c:/Users/ivan.caro/OneDrive - Accenture/Personal/REPO/Big-Data-Analytics-with-Spark
	at java.base/java.net.URI.create(URI.java:883)
	at scala.meta.internal.mtags.MtagsEnrichments$XtensionStringMtags.toAbsolutePath(MtagsEnrichments.scala:158)
	at scala.meta.internal.metals.MetalsEnrichments$XtensionString.toAbsolutePath(MetalsEnrichments.scala:609)
	at scala.meta.internal.metals.MetalsEnrichments$XtensionString.toAbsolutePath(MetalsEnrichments.scala:606)
	at scala.meta.internal.metals.MetalsLanguageServer.updateWorkspaceDirectory(MetalsLanguageServer.scala:365)
	at scala.meta.internal.metals.MetalsLanguageServer.$anonfun$initialize$2(MetalsLanguageServer.scala:879)
	at scala.concurrent.Future$.$anonfun$apply$1(Future.scala:678)
	at scala.concurrent.impl.Promise$Transformation.run(Promise.scala:467)
	... 3 more
Caused by: java.net.URISyntaxException: Illegal character in path at index 35: file:///c:/Users/ivan.caro/OneDrive - Accenture/Personal/REPO/Big-Data-Analytics-with-Spark
	at java.base/java.net.URI$Parser.fail(URI.java:2915)
	at java.base/java.net.URI$Parser.checkChars(URI.java:3086)
	at java.base/java.net.URI$Parser.parseHierarchical(URI.java:3168)
	at java.base/java.net.URI$Parser.parse(URI.java:3116)
	at java.base/java.net.URI.<init>(URI.java:600)
	at java.base/java.net.URI.create(URI.java:881)
	... 10 more

2023.02.06 07:41:13 INFO  tracing is disabled for protocol LSP, to enable tracing of incoming and outgoing JSON messages create an empty file at c:\Users\ivan.caro\OneDrive - Accenture\Personal\REPO\Big-Data-Analytics-with-Spark\.metals\lsp.trace.json or C:\Users\ivan.caro\AppData\Local\scalameta\metals\cache\lsp.trace.json
Feb 06, 2023 7:41:15 AM org.eclipse.lsp4j.jsonrpc.RemoteEndpoint fallbackResponseError
SEVERE: Internal error: java.lang.IllegalArgumentException: Illegal character in path at index 35: file:///c:/Users/ivan.caro/OneDrive - Accenture/Personal/REPO/Big-Data-Analytics-with-Spark
java.util.concurrent.CompletionException: java.lang.IllegalArgumentException: Illegal character in path at index 35: file:///c:/Users/ivan.caro/OneDrive - Accenture/Personal/REPO/Big-Data-Analytics-with-Spark
	at java.base/java.util.concurrent.CompletableFuture.encodeThrowable(CompletableFuture.java:331)
	at java.base/java.util.concurrent.CompletableFuture.completeThrowable(CompletableFuture.java:346)
	at java.base/java.util.concurrent.CompletableFuture$UniAccept.tryFire(CompletableFuture.java:704)
	at java.base/java.util.concurrent.CompletableFuture.postComplete(CompletableFuture.java:506)
	at java.base/java.util.concurrent.CompletableFuture.completeExceptionally(CompletableFuture.java:2088)
	at scala.concurrent.java8.FuturesConvertersImpl$CF.apply(FutureConvertersImpl.scala:29)
	at scala.concurrent.java8.FuturesConvertersImpl$CF.apply(FutureConvertersImpl.scala:26)
	at scala.concurrent.impl.Promise$Transformation.run(Promise.scala:484)
	at scala.concurrent.ExecutionContext$parasitic$.execute(ExecutionContext.scala:222)
	at scala.concurrent.impl.Promise$Transformation.submitWithValue(Promise.scala:429)
	at scala.concurrent.impl.Promise$DefaultPromise.submitWithValue(Promise.scala:338)
	at scala.concurrent.impl.Promise$DefaultPromise.tryComplete0(Promise.scala:285)
	at scala.concurrent.impl.Promise$Transformation.run(Promise.scala:504)
	at java.base/java.util.concurrent.ThreadPoolExecutor.runWorker(ThreadPoolExecutor.java:1128)
	at java.base/java.util.concurrent.ThreadPoolExecutor$Worker.run(ThreadPoolExecutor.java:628)
	at java.base/java.lang.Thread.run(Thread.java:834)
Caused by: java.lang.IllegalArgumentException: Illegal character in path at index 35: file:///c:/Users/ivan.caro/OneDrive - Accenture/Personal/REPO/Big-Data-Analytics-with-Spark
	at java.base/java.net.URI.create(URI.java:883)
	at scala.meta.internal.mtags.MtagsEnrichments$XtensionStringMtags.toAbsolutePath(MtagsEnrichments.scala:158)
	at scala.meta.internal.metals.MetalsEnrichments$XtensionString.toAbsolutePath(MetalsEnrichments.scala:609)
	at scala.meta.internal.metals.MetalsEnrichments$XtensionString.toAbsolutePath(MetalsEnrichments.scala:606)
	at scala.meta.internal.metals.MetalsLanguageServer.updateWorkspaceDirectory(MetalsLanguageServer.scala:365)
	at scala.meta.internal.metals.MetalsLanguageServer.$anonfun$initialize$2(MetalsLanguageServer.scala:879)
	at scala.concurrent.Future$.$anonfun$apply$1(Future.scala:678)
	at scala.concurrent.impl.Promise$Transformation.run(Promise.scala:467)
	... 3 more
Caused by: java.net.URISyntaxException: Illegal character in path at index 35: file:///c:/Users/ivan.caro/OneDrive - Accenture/Personal/REPO/Big-Data-Analytics-with-Spark
	at java.base/java.net.URI$Parser.fail(URI.java:2915)
	at java.base/java.net.URI$Parser.checkChars(URI.java:3086)
	at java.base/java.net.URI$Parser.parseHierarchical(URI.java:3168)
	at java.base/java.net.URI$Parser.parse(URI.java:3116)
	at java.base/java.net.URI.<init>(URI.java:600)
	at java.base/java.net.URI.create(URI.java:881)
	... 10 more

2023.02.06 07:41:21 INFO  tracing is disabled for protocol LSP, to enable tracing of incoming and outgoing JSON messages create an empty file at c:\Users\ivan.caro\OneDrive - Accenture\Personal\REPO\Big-Data-Analytics-with-Spark\.metals\lsp.trace.json or C:\Users\ivan.caro\AppData\Local\scalameta\metals\cache\lsp.trace.json
Feb 06, 2023 7:41:28 AM org.eclipse.lsp4j.jsonrpc.RemoteEndpoint fallbackResponseError
SEVERE: Internal error: java.lang.IllegalArgumentException: Illegal character in path at index 35: file:///c:/Users/ivan.caro/OneDrive - Accenture/Personal/REPO/Big-Data-Analytics-with-Spark
java.util.concurrent.CompletionException: java.lang.IllegalArgumentException: Illegal character in path at index 35: file:///c:/Users/ivan.caro/OneDrive - Accenture/Personal/REPO/Big-Data-Analytics-with-Spark
	at java.base/java.util.concurrent.CompletableFuture.encodeThrowable(CompletableFuture.java:331)
	at java.base/java.util.concurrent.CompletableFuture.completeThrowable(CompletableFuture.java:346)
	at java.base/java.util.concurrent.CompletableFuture$UniAccept.tryFire(CompletableFuture.java:704)
	at java.base/java.util.concurrent.CompletableFuture.postComplete(CompletableFuture.java:506)
	at java.base/java.util.concurrent.CompletableFuture.completeExceptionally(CompletableFuture.java:2088)
	at scala.concurrent.java8.FuturesConvertersImpl$CF.apply(FutureConvertersImpl.scala:29)
	at scala.concurrent.java8.FuturesConvertersImpl$CF.apply(FutureConvertersImpl.scala:26)
	at scala.concurrent.impl.Promise$Transformation.run(Promise.scala:484)
	at scala.concurrent.ExecutionContext$parasitic$.execute(ExecutionContext.scala:222)
	at scala.concurrent.impl.Promise$Transformation.submitWithValue(Promise.scala:429)
	at scala.concurrent.impl.Promise$DefaultPromise.submitWithValue(Promise.scala:338)
	at scala.concurrent.impl.Promise$DefaultPromise.tryComplete0(Promise.scala:285)
	at scala.concurrent.impl.Promise$Transformation.run(Promise.scala:504)
	at java.base/java.util.concurrent.ThreadPoolExecutor.runWorker(ThreadPoolExecutor.java:1128)
	at java.base/java.util.concurrent.ThreadPoolExecutor$Worker.run(ThreadPoolExecutor.java:628)
	at java.base/java.lang.Thread.run(Thread.java:834)
Caused by: java.lang.IllegalArgumentException: Illegal character in path at index 35: file:///c:/Users/ivan.caro/OneDrive - Accenture/Personal/REPO/Big-Data-Analytics-with-Spark
	at java.base/java.net.URI.create(URI.java:883)
	at scala.meta.internal.mtags.MtagsEnrichments$XtensionStringMtags.toAbsolutePath(MtagsEnrichments.scala:158)
	at scala.meta.internal.metals.MetalsEnrichments$XtensionString.toAbsolutePath(MetalsEnrichments.scala:609)
	at scala.meta.internal.metals.MetalsEnrichments$XtensionString.toAbsolutePath(MetalsEnrichments.scala:606)
	at scala.meta.internal.metals.MetalsLanguageServer.updateWorkspaceDirectory(MetalsLanguageServer.scala:365)
	at scala.meta.internal.metals.MetalsLanguageServer.$anonfun$initialize$2(MetalsLanguageServer.scala:879)
	at scala.concurrent.Future$.$anonfun$apply$1(Future.scala:678)
	at scala.concurrent.impl.Promise$Transformation.run(Promise.scala:467)
	... 3 more
Caused by: java.net.URISyntaxException: Illegal character in path at index 35: file:///c:/Users/ivan.caro/OneDrive - Accenture/Personal/REPO/Big-Data-Analytics-with-Spark
	at java.base/java.net.URI$Parser.fail(URI.java:2915)
	at java.base/java.net.URI$Parser.checkChars(URI.java:3086)
	at java.base/java.net.URI$Parser.parseHierarchical(URI.java:3168)
	at java.base/java.net.URI$Parser.parse(URI.java:3116)
	at java.base/java.net.URI.<init>(URI.java:600)
	at java.base/java.net.URI.create(URI.java:881)
	... 10 more

2023.02.06 07:41:35 INFO  tracing is disabled for protocol LSP, to enable tracing of incoming and outgoing JSON messages create an empty file at c:\Users\ivan.caro\OneDrive - Accenture\Personal\REPO\Big-Data-Analytics-with-Spark\.metals\lsp.trace.json or C:\Users\ivan.caro\AppData\Local\scalameta\metals\cache\lsp.trace.json
Feb 06, 2023 7:41:38 AM org.eclipse.lsp4j.jsonrpc.RemoteEndpoint fallbackResponseError
SEVERE: Internal error: java.lang.IllegalArgumentException: Illegal character in path at index 35: file:///c:/Users/ivan.caro/OneDrive - Accenture/Personal/REPO/Big-Data-Analytics-with-Spark
java.util.concurrent.CompletionException: java.lang.IllegalArgumentException: Illegal character in path at index 35: file:///c:/Users/ivan.caro/OneDrive - Accenture/Personal/REPO/Big-Data-Analytics-with-Spark
	at java.base/java.util.concurrent.CompletableFuture.encodeThrowable(CompletableFuture.java:331)
	at java.base/java.util.concurrent.CompletableFuture.completeThrowable(CompletableFuture.java:346)
	at java.base/java.util.concurrent.CompletableFuture$UniAccept.tryFire(CompletableFuture.java:704)
	at java.base/java.util.concurrent.CompletableFuture.postComplete(CompletableFuture.java:506)
	at java.base/java.util.concurrent.CompletableFuture.completeExceptionally(CompletableFuture.java:2088)
	at scala.concurrent.java8.FuturesConvertersImpl$CF.apply(FutureConvertersImpl.scala:29)
	at scala.concurrent.java8.FuturesConvertersImpl$CF.apply(FutureConvertersImpl.scala:26)
	at scala.concurrent.impl.Promise$Transformation.run(Promise.scala:484)
	at scala.concurrent.ExecutionContext$parasitic$.execute(ExecutionContext.scala:222)
	at scala.concurrent.impl.Promise$Transformation.submitWithValue(Promise.scala:429)
	at scala.concurrent.impl.Promise$DefaultPromise.submitWithValue(Promise.scala:338)
	at scala.concurrent.impl.Promise$DefaultPromise.tryComplete0(Promise.scala:285)
	at scala.concurrent.impl.Promise$Transformation.run(Promise.scala:504)
	at java.base/java.util.concurrent.ThreadPoolExecutor.runWorker(ThreadPoolExecutor.java:1128)
	at java.base/java.util.concurrent.ThreadPoolExecutor$Worker.run(ThreadPoolExecutor.java:628)
	at java.base/java.lang.Thread.run(Thread.java:834)
Caused by: java.lang.IllegalArgumentException: Illegal character in path at index 35: file:///c:/Users/ivan.caro/OneDrive - Accenture/Personal/REPO/Big-Data-Analytics-with-Spark
	at java.base/java.net.URI.create(URI.java:883)
	at scala.meta.internal.mtags.MtagsEnrichments$XtensionStringMtags.toAbsolutePath(MtagsEnrichments.scala:158)
	at scala.meta.internal.metals.MetalsEnrichments$XtensionString.toAbsolutePath(MetalsEnrichments.scala:609)
	at scala.meta.internal.metals.MetalsEnrichments$XtensionString.toAbsolutePath(MetalsEnrichments.scala:606)
	at scala.meta.internal.metals.MetalsLanguageServer.updateWorkspaceDirectory(MetalsLanguageServer.scala:365)
	at scala.meta.internal.metals.MetalsLanguageServer.$anonfun$initialize$2(MetalsLanguageServer.scala:879)
	at scala.concurrent.Future$.$anonfun$apply$1(Future.scala:678)
	at scala.concurrent.impl.Promise$Transformation.run(Promise.scala:467)
	... 3 more
Caused by: java.net.URISyntaxException: Illegal character in path at index 35: file:///c:/Users/ivan.caro/OneDrive - Accenture/Personal/REPO/Big-Data-Analytics-with-Spark
	at java.base/java.net.URI$Parser.fail(URI.java:2915)
	at java.base/java.net.URI$Parser.checkChars(URI.java:3086)
	at java.base/java.net.URI$Parser.parseHierarchical(URI.java:3168)
	at java.base/java.net.URI$Parser.parse(URI.java:3116)
	at java.base/java.net.URI.<init>(URI.java:600)
	at java.base/java.net.URI.create(URI.java:881)
	... 10 more

2023.02.06 07:41:45 INFO  tracing is disabled for protocol LSP, to enable tracing of incoming and outgoing JSON messages create an empty file at c:\Users\ivan.caro\OneDrive - Accenture\Personal\REPO\Big-Data-Analytics-with-Spark\.metals\lsp.trace.json or C:\Users\ivan.caro\AppData\Local\scalameta\metals\cache\lsp.trace.json
Feb 06, 2023 7:41:48 AM org.eclipse.lsp4j.jsonrpc.RemoteEndpoint fallbackResponseError
SEVERE: Internal error: java.lang.IllegalArgumentException: Illegal character in path at index 35: file:///c:/Users/ivan.caro/OneDrive - Accenture/Personal/REPO/Big-Data-Analytics-with-Spark
java.util.concurrent.CompletionException: java.lang.IllegalArgumentException: Illegal character in path at index 35: file:///c:/Users/ivan.caro/OneDrive - Accenture/Personal/REPO/Big-Data-Analytics-with-Spark
	at java.base/java.util.concurrent.CompletableFuture.encodeThrowable(CompletableFuture.java:331)
	at java.base/java.util.concurrent.CompletableFuture.completeThrowable(CompletableFuture.java:346)
	at java.base/java.util.concurrent.CompletableFuture$UniAccept.tryFire(CompletableFuture.java:704)
	at java.base/java.util.concurrent.CompletableFuture.postComplete(CompletableFuture.java:506)
	at java.base/java.util.concurrent.CompletableFuture.completeExceptionally(CompletableFuture.java:2088)
	at scala.concurrent.java8.FuturesConvertersImpl$CF.apply(FutureConvertersImpl.scala:29)
	at scala.concurrent.java8.FuturesConvertersImpl$CF.apply(FutureConvertersImpl.scala:26)
	at scala.concurrent.impl.Promise$Transformation.run(Promise.scala:484)
	at scala.concurrent.ExecutionContext$parasitic$.execute(ExecutionContext.scala:222)
	at scala.concurrent.impl.Promise$Transformation.submitWithValue(Promise.scala:429)
	at scala.concurrent.impl.Promise$DefaultPromise.submitWithValue(Promise.scala:338)
	at scala.concurrent.impl.Promise$DefaultPromise.tryComplete0(Promise.scala:285)
	at scala.concurrent.impl.Promise$Transformation.run(Promise.scala:504)
	at java.base/java.util.concurrent.ThreadPoolExecutor.runWorker(ThreadPoolExecutor.java:1128)
	at java.base/java.util.concurrent.ThreadPoolExecutor$Worker.run(ThreadPoolExecutor.java:628)
	at java.base/java.lang.Thread.run(Thread.java:834)
Caused by: java.lang.IllegalArgumentException: Illegal character in path at index 35: file:///c:/Users/ivan.caro/OneDrive - Accenture/Personal/REPO/Big-Data-Analytics-with-Spark
	at java.base/java.net.URI.create(URI.java:883)
	at scala.meta.internal.mtags.MtagsEnrichments$XtensionStringMtags.toAbsolutePath(MtagsEnrichments.scala:158)
	at scala.meta.internal.metals.MetalsEnrichments$XtensionString.toAbsolutePath(MetalsEnrichments.scala:609)
	at scala.meta.internal.metals.MetalsEnrichments$XtensionString.toAbsolutePath(MetalsEnrichments.scala:606)
	at scala.meta.internal.metals.MetalsLanguageServer.updateWorkspaceDirectory(MetalsLanguageServer.scala:365)
	at scala.meta.internal.metals.MetalsLanguageServer.$anonfun$initialize$2(MetalsLanguageServer.scala:879)
	at scala.concurrent.Future$.$anonfun$apply$1(Future.scala:678)
	at scala.concurrent.impl.Promise$Transformation.run(Promise.scala:467)
	... 3 more
Caused by: java.net.URISyntaxException: Illegal character in path at index 35: file:///c:/Users/ivan.caro/OneDrive - Accenture/Personal/REPO/Big-Data-Analytics-with-Spark
	at java.base/java.net.URI$Parser.fail(URI.java:2915)
	at java.base/java.net.URI$Parser.checkChars(URI.java:3086)
	at java.base/java.net.URI$Parser.parseHierarchical(URI.java:3168)
	at java.base/java.net.URI$Parser.parse(URI.java:3116)
	at java.base/java.net.URI.<init>(URI.java:600)
	at java.base/java.net.URI.create(URI.java:881)
	... 10 more

